[18:14:19] [ServerMain/INFO]: Building unoptimized datafixer
[18:14:20] [ServerMain/INFO]: Environment: authHost='https://authserver.mojang.com', accountsHost='https://api.mojang.com', sessionHost='https://sessionserver.mojang.com', servicesHost='https://api.minecraftservices.com', name='PROD'
[18:14:20] [ServerMain/INFO]: Found new data pack file/bukkit, loading it automatically
[18:14:21] [ServerMain/INFO]: Loaded 7 recipes
[18:14:22] [Server thread/INFO]: Starting minecraft server version 1.19
[18:14:22] [Server thread/INFO]: Loading properties
[18:14:22] [Server thread/INFO]: This server is running CraftBukkit version 3553-Spigot-14a2382-ef09464 (MC: 1.19) (Implementing API version 1.19-R0.1-SNAPSHOT)
[18:14:22] [Server thread/INFO]: Debug logging is disabled
[18:14:22] [Server thread/INFO]: Server Ping Player Sample Count: 12
[18:14:22] [Server thread/INFO]: Using 4 threads for Netty based IO
[18:14:22] [Server thread/INFO]: Default game type: SURVIVAL
[18:14:22] [Server thread/INFO]: Generating keypair
[18:14:23] [Server thread/INFO]: Starting Minecraft server on *:25565
[18:14:23] [Server thread/INFO]: Using epoll channel type
[18:14:23] [Server thread/INFO]: Preparing level "world"
[18:14:23] [Server thread/INFO]: -------- World Settings For [world] --------
[18:14:23] [Server thread/INFO]: Entity Activation Range: An 32 / Mo 32 / Ra 48 / Mi 16 / Tiv true / Isa false
[18:14:23] [Server thread/INFO]: Entity Tracking Range: Pl 48 / An 48 / Mo 48 / Mi 32 / Other 64
[18:14:23] [Server thread/INFO]: Hopper Transfer: 8 Hopper Check: 1 Hopper Amount: 1 Hopper Can Load Chunks: false
[18:14:23] [Server thread/INFO]: Custom Map Seeds:  Village: 10387312 Desert: 14357617 Igloo: 14357618 Jungle: 14357619 Swamp: 14357620 Monument: 10387313 Ocean: 14357621 Shipwreck: 165745295 End City: 10387313 Slime: 987234911 Nether: 30084232 Mansion: 10387319 Fossil: 14357921 Portal: 34222645
[18:14:23] [Server thread/INFO]: Cactus Growth Modifier: 100%
[18:14:23] [Server thread/INFO]: Cane Growth Modifier: 100%
[18:14:23] [Server thread/INFO]: Melon Growth Modifier: 100%
[18:14:23] [Server thread/INFO]: Mushroom Growth Modifier: 100%
[18:14:23] [Server thread/INFO]: Pumpkin Growth Modifier: 100%
[18:14:23] [Server thread/INFO]: Sapling Growth Modifier: 100%
[18:14:23] [Server thread/INFO]: Beetroot Growth Modifier: 100%
[18:14:23] [Server thread/INFO]: Carrot Growth Modifier: 100%
[18:14:23] [Server thread/INFO]: Potato Growth Modifier: 100%
[18:14:23] [Server thread/INFO]: Wheat Growth Modifier: 100%
[18:14:23] [Server thread/INFO]: NetherWart Growth Modifier: 100%
[18:14:23] [Server thread/INFO]: Vine Growth Modifier: 100%
[18:14:23] [Server thread/INFO]: Cocoa Growth Modifier: 100%
[18:14:23] [Server thread/INFO]: Bamboo Growth Modifier: 100%
[18:14:23] [Server thread/INFO]: SweetBerry Growth Modifier: 100%
[18:14:23] [Server thread/INFO]: Kelp Growth Modifier: 100%
[18:14:23] [Server thread/INFO]: Experience Merge Radius: 3.0
[18:14:23] [Server thread/INFO]: Mob Spawn Range: 6
[18:14:23] [Server thread/INFO]: Max TNT Explosions: 100
[18:14:23] [Server thread/INFO]: Tile Max Tick Time: 50ms Entity max Tick Time: 50ms
[18:14:23] [Server thread/INFO]: Item Despawn Rate: 6000
[18:14:23] [Server thread/INFO]: Item Merge Radius: 2.5
[18:14:23] [Server thread/INFO]: View Distance: 10
[18:14:23] [Server thread/INFO]: Simulation Distance: 10
[18:14:23] [Server thread/INFO]: Allow Zombie Pigmen to spawn from portal blocks: true
[18:14:23] [Server thread/INFO]: Arrow Despawn Rate: 1200 Trident Respawn Rate:1200
[18:14:23] [Server thread/INFO]: Zombie Aggressive Towards Villager: true
[18:14:23] [Server thread/INFO]: Nerfing mobs spawned from spawners: false
[18:14:33] [Server thread/INFO]: -------- World Settings For [world_nether] --------
[18:14:33] [Server thread/INFO]: Entity Activation Range: An 32 / Mo 32 / Ra 48 / Mi 16 / Tiv true / Isa false
[18:14:33] [Server thread/INFO]: Entity Tracking Range: Pl 48 / An 48 / Mo 48 / Mi 32 / Other 64
[18:14:33] [Server thread/INFO]: Hopper Transfer: 8 Hopper Check: 1 Hopper Amount: 1 Hopper Can Load Chunks: false
[18:14:33] [Server thread/INFO]: Custom Map Seeds:  Village: 10387312 Desert: 14357617 Igloo: 14357618 Jungle: 14357619 Swamp: 14357620 Monument: 10387313 Ocean: 14357621 Shipwreck: 165745295 End City: 10387313 Slime: 987234911 Nether: 30084232 Mansion: 10387319 Fossil: 14357921 Portal: 34222645
[18:14:33] [Server thread/INFO]: Cactus Growth Modifier: 100%
[18:14:33] [Server thread/INFO]: Cane Growth Modifier: 100%
[18:14:33] [Server thread/INFO]: Melon Growth Modifier: 100%
[18:14:33] [Server thread/INFO]: Mushroom Growth Modifier: 100%
[18:14:33] [Server thread/INFO]: Pumpkin Growth Modifier: 100%
[18:14:33] [Server thread/INFO]: Sapling Growth Modifier: 100%
[18:14:33] [Server thread/INFO]: Beetroot Growth Modifier: 100%
[18:14:33] [Server thread/INFO]: Carrot Growth Modifier: 100%
[18:14:33] [Server thread/INFO]: Potato Growth Modifier: 100%
[18:14:33] [Server thread/INFO]: Wheat Growth Modifier: 100%
[18:14:33] [Server thread/INFO]: NetherWart Growth Modifier: 100%
[18:14:33] [Server thread/INFO]: Vine Growth Modifier: 100%
[18:14:33] [Server thread/INFO]: Cocoa Growth Modifier: 100%
[18:14:33] [Server thread/INFO]: Bamboo Growth Modifier: 100%
[18:14:33] [Server thread/INFO]: SweetBerry Growth Modifier: 100%
[18:14:33] [Server thread/INFO]: Kelp Growth Modifier: 100%
[18:14:33] [Server thread/INFO]: Experience Merge Radius: 3.0
[18:14:33] [Server thread/INFO]: Mob Spawn Range: 6
[18:14:33] [Server thread/INFO]: Max TNT Explosions: 100
[18:14:33] [Server thread/INFO]: Tile Max Tick Time: 50ms Entity max Tick Time: 50ms
[18:14:33] [Server thread/INFO]: Item Despawn Rate: 6000
[18:14:33] [Server thread/INFO]: Item Merge Radius: 2.5
[18:14:33] [Server thread/INFO]: View Distance: 10
[18:14:33] [Server thread/INFO]: Simulation Distance: 10
[18:14:33] [Server thread/INFO]: Allow Zombie Pigmen to spawn from portal blocks: true
[18:14:33] [Server thread/INFO]: Arrow Despawn Rate: 1200 Trident Respawn Rate:1200
[18:14:33] [Server thread/INFO]: Zombie Aggressive Towards Villager: true
[18:14:33] [Server thread/INFO]: Nerfing mobs spawned from spawners: false
[18:14:34] [Server thread/INFO]: -------- World Settings For [world_the_end] --------
[18:14:34] [Server thread/INFO]: Entity Activation Range: An 32 / Mo 32 / Ra 48 / Mi 16 / Tiv true / Isa false
[18:14:34] [Server thread/INFO]: Entity Tracking Range: Pl 48 / An 48 / Mo 48 / Mi 32 / Other 64
[18:14:34] [Server thread/INFO]: Hopper Transfer: 8 Hopper Check: 1 Hopper Amount: 1 Hopper Can Load Chunks: false
[18:14:34] [Server thread/INFO]: Custom Map Seeds:  Village: 10387312 Desert: 14357617 Igloo: 14357618 Jungle: 14357619 Swamp: 14357620 Monument: 10387313 Ocean: 14357621 Shipwreck: 165745295 End City: 10387313 Slime: 987234911 Nether: 30084232 Mansion: 10387319 Fossil: 14357921 Portal: 34222645
[18:14:34] [Server thread/INFO]: Cactus Growth Modifier: 100%
[18:14:34] [Server thread/INFO]: Cane Growth Modifier: 100%
[18:14:34] [Server thread/INFO]: Melon Growth Modifier: 100%
[18:14:34] [Server thread/INFO]: Mushroom Growth Modifier: 100%
[18:14:34] [Server thread/INFO]: Pumpkin Growth Modifier: 100%
[18:14:34] [Server thread/INFO]: Sapling Growth Modifier: 100%
[18:14:34] [Server thread/INFO]: Beetroot Growth Modifier: 100%
[18:14:34] [Server thread/INFO]: Carrot Growth Modifier: 100%
[18:14:34] [Server thread/INFO]: Potato Growth Modifier: 100%
[18:14:34] [Server thread/INFO]: Wheat Growth Modifier: 100%
[18:14:34] [Server thread/INFO]: NetherWart Growth Modifier: 100%
[18:14:34] [Server thread/INFO]: Vine Growth Modifier: 100%
[18:14:34] [Server thread/INFO]: Cocoa Growth Modifier: 100%
[18:14:34] [Server thread/INFO]: Bamboo Growth Modifier: 100%
[18:14:34] [Server thread/INFO]: SweetBerry Growth Modifier: 100%
[18:14:34] [Server thread/INFO]: Kelp Growth Modifier: 100%
[18:14:34] [Server thread/INFO]: Experience Merge Radius: 3.0
[18:14:34] [Server thread/INFO]: Mob Spawn Range: 6
[18:14:34] [Server thread/INFO]: Max TNT Explosions: 100
[18:14:34] [Server thread/INFO]: Tile Max Tick Time: 50ms Entity max Tick Time: 50ms
[18:14:34] [Server thread/INFO]: Item Despawn Rate: 6000
[18:14:34] [Server thread/INFO]: Item Merge Radius: 2.5
[18:14:34] [Server thread/INFO]: View Distance: 10
[18:14:34] [Server thread/INFO]: Simulation Distance: 10
[18:14:34] [Server thread/INFO]: Allow Zombie Pigmen to spawn from portal blocks: true
[18:14:34] [Server thread/INFO]: Arrow Despawn Rate: 1200 Trident Respawn Rate:1200
[18:14:34] [Server thread/INFO]: Zombie Aggressive Towards Villager: true
[18:14:34] [Server thread/INFO]: Nerfing mobs spawned from spawners: false
[18:14:34] [Server thread/INFO]: Preparing start region for dimension minecraft:overworld
[18:14:34] [Server thread/INFO]: Preparing spawn area: 0%
[18:14:35] [Worker-Main-3/INFO]: Preparing spawn area: 1%
[18:14:35] [Worker-Main-1/INFO]: Preparing spawn area: 83%
[18:14:36] [Worker-Main-3/INFO]: Preparing spawn area: 83%
[18:14:36] [Worker-Main-1/INFO]: Preparing spawn area: 83%
[18:14:37] [Worker-Main-3/INFO]: Preparing spawn area: 83%
[18:14:37] [Worker-Main-1/INFO]: Preparing spawn area: 83%
[18:14:38] [Worker-Main-3/INFO]: Preparing spawn area: 83%
[18:14:38] [Worker-Main-1/INFO]: Preparing spawn area: 83%
[18:14:39] [Worker-Main-1/INFO]: Preparing spawn area: 83%
[18:14:39] [Worker-Main-2/INFO]: Preparing spawn area: 83%
[18:14:40] [Worker-Main-3/INFO]: Preparing spawn area: 84%
[18:14:40] [Worker-Main-1/INFO]: Preparing spawn area: 85%
[18:14:41] [Worker-Main-2/INFO]: Preparing spawn area: 86%
[18:14:41] [Worker-Main-1/INFO]: Preparing spawn area: 87%
[18:14:42] [Worker-Main-1/INFO]: Preparing spawn area: 87%
[18:14:42] [Worker-Main-3/INFO]: Preparing spawn area: 89%
[18:14:43] [Worker-Main-1/INFO]: Preparing spawn area: 90%
[18:14:43] [Worker-Main-2/INFO]: Preparing spawn area: 91%
[18:14:44] [Worker-Main-1/INFO]: Preparing spawn area: 92%
[18:14:44] [Worker-Main-3/INFO]: Preparing spawn area: 94%
[18:14:45] [Worker-Main-1/INFO]: Preparing spawn area: 95%
[18:14:45] [Worker-Main-1/INFO]: Preparing spawn area: 97%
[18:14:46] [Worker-Main-1/INFO]: Preparing spawn area: 99%
[18:14:46] [Server thread/INFO]: Time elapsed: 11632 ms
[18:14:46] [Server thread/INFO]: Preparing start region for dimension minecraft:the_nether
[18:14:46] [Server thread/INFO]: Preparing spawn area: 0%
[18:14:46] [Worker-Main-3/INFO]: Preparing spawn area: 87%
[18:14:47] [Worker-Main-3/INFO]: Preparing spawn area: 87%
[18:14:47] [Worker-Main-2/INFO]: Preparing spawn area: 87%
[18:14:48] [Worker-Main-2/INFO]: Preparing spawn area: 87%
[18:14:48] [Worker-Main-1/INFO]: Preparing spawn area: 88%
[18:14:49] [Worker-Main-2/INFO]: Preparing spawn area: 90%
[18:14:49] [Worker-Main-3/INFO]: Preparing spawn area: 93%
[18:14:50] [Worker-Main-2/INFO]: Preparing spawn area: 97%
[18:14:50] [Server thread/INFO]: Time elapsed: 4362 ms
[18:14:50] [Server thread/INFO]: Preparing start region for dimension minecraft:the_end
[18:14:50] [Server thread/INFO]: Preparing spawn area: 0%
[18:14:51] [Worker-Main-2/INFO]: Preparing spawn area: 90%
[18:14:51] [Worker-Main-2/INFO]: Preparing spawn area: 91%
[18:14:51] [Server thread/INFO]: Time elapsed: 1272 ms
[18:14:51] [Server thread/INFO]: Server permissions file permissions.yml is empty, ignoring it
[18:14:51] [Server thread/INFO]: Done (28.608s)! For help, type "help"
[18:22:44] [Thread-1/INFO]: Stopping server
[18:22:44] [Thread-1/INFO]: Saving players
